<?xml version="1.0" encoding="UTF-8"?>
<testsuite name="TicTacToeTest" tests="1" skipped="0" failures="0" errors="0" timestamp="2024-02-20T20:24:17" hostname="DESKTOP-540C16A" time="0.067">
  <properties/>
  <testcase name="start" classname="TicTacToeTest" time="0.067"/>
  <system-out><![CDATA[?[1;31m
Start test 1?[0m
X X X
O O O
X X X

]]></system-out>
  <system-err><![CDATA[]]></system-err>
</testsuite>
